2023-08-16 19:13:15,170:INFO:PyCaret Supervised Module
2023-08-16 19:13:15,171:INFO:ML Usecase: regression
2023-08-16 19:13:15,171:INFO:version 2.3.4
2023-08-16 19:13:15,172:INFO:Initializing setup()
2023-08-16 19:13:15,172:INFO:setup(target=MathScore, ml_usecase=regression, available_plots={'parameter': 'Hyperparameters', 'residuals': 'Residuals', 'error': 'Prediction Error', 'cooks': 'Cooks Distance', 'rfe': 'Feature Selection', 'learning': 'Learning Curve', 'manifold': 'Manifold Learning', 'vc': 'Validation Curve', 'feature': 'Feature Importance', 'feature_all': 'Feature Importance (All)', 'tree': 'Decision Tree', 'residuals_interactive': 'Interactive Residuals'}, train_size=0.7, test_data=None, preprocess=True, imputation_type=simple, iterative_imputation_iters=5, categorical_features=None, categorical_imputation=constant, categorical_iterative_imputer=lightgbm, ordinal_features=None, high_cardinality_features=None, high_cardinality_method=frequency, numeric_features=['ParentEduc_int', 'TestPrep_int', 'PracticeSport_int', 'WklyStudyHours_int', 'Gender_female', 'Gender_male', 'EthnicGroup_group A', 'EthnicGroup_group B', 'EthnicGroup_group C', 'EthnicGroup_group D', 'EthnicGroup_group E', 'LunchType_free/reduced', 'LunchType_standard', 'ParentMaritalStatus_divorced', 'ParentMaritalStatus_married', 'ParentMaritalStatus_single', 'ParentMaritalStatus_widowed', 'IsFirstChild_no', 'IsFirstChild_yes', 'TransportMeans_private', 'TransportMeans_school_bus'], numeric_imputation=mean, numeric_iterative_imputer=lightgbm, date_features=None, ignore_features=None, normalize=False, normalize_method=zscore, transformation=False, transformation_method=yeo-johnson, handle_unknown_categorical=True, unknown_categorical_method=least_frequent, pca=False, pca_method=linear, pca_components=None, ignore_low_variance=False, combine_rare_levels=False, rare_level_threshold=0.1, bin_numeric_features=None, remove_outliers=False, outliers_threshold=0.05, remove_multicollinearity=False, multicollinearity_threshold=0.9, remove_perfect_collinearity=True, create_clusters=False, cluster_iter=20, polynomial_features=False, polynomial_degree=2, trigonometry_features=False, polynomial_threshold=0.1, group_features=None, group_names=None, feature_selection=False, feature_selection_threshold=0.8, feature_selection_method=classic, feature_interaction=False, feature_ratio=False, interaction_threshold=0.01, fix_imbalance=False, fix_imbalance_method=None, transform_target=False, transform_target_method=box-cox, data_split_shuffle=True, data_split_stratify=False, fold_strategy=kfold, fold=10, fold_shuffle=False, fold_groups=None, n_jobs=-1, use_gpu=False, custom_pipeline=None, html=True, session_id=43, log_experiment=False, experiment_name=None, log_plots=False, log_profile=False, log_data=False, silent=True, verbose=True, profile=False, profile_kwargs=None, display=None)
2023-08-16 19:13:15,172:INFO:Checking environment
2023-08-16 19:13:15,172:INFO:python_version: 3.7.11
2023-08-16 19:13:15,172:INFO:python_build: ('default', 'Jul 27 2021 07:03:16')
2023-08-16 19:13:15,172:INFO:machine: x86_64
2023-08-16 19:13:15,172:INFO:platform: Darwin-19.6.0-x86_64-i386-64bit
2023-08-16 19:13:15,172:INFO:Memory: svmem(total=17179869184, available=5675012096, percent=67.0, used=8483389440, free=74784768, active=5606256640, inactive=5410328576, wired=2877132800)
2023-08-16 19:13:15,172:INFO:Physical Core: 6
2023-08-16 19:13:15,172:INFO:Logical Core: 12
2023-08-16 19:13:15,172:INFO:Checking libraries
2023-08-16 19:13:15,172:INFO:pd==1.3.5
2023-08-16 19:13:15,172:INFO:numpy==1.21.5
2023-08-16 19:13:15,172:INFO:sklearn==1.0.2
2023-08-16 19:13:15,173:INFO:lightgbm==3.2.1
2023-08-16 19:13:15,526:INFO:catboost==1.0.0
2023-08-16 19:13:15,566:INFO:xgboost==1.4.2
2023-08-16 19:13:16,057:INFO:mlflow==1.20.2
2023-08-16 19:13:16,058:INFO:Checking Exceptions
2023-08-16 19:13:16,058:INFO:Declaring global variables
2023-08-16 19:13:16,058:INFO:USI: e6d6
2023-08-16 19:13:16,058:INFO:pycaret_globals: {'experiment__', 'prep_pipe', 'stratify_param', '_available_plots', 'USI', 'exp_name_log', 'fix_imbalance_param', 'fix_imbalance_method_param', 'seed', 'n_jobs_param', 'logging_param', 'imputation_regressor', '_ml_usecase', 'y_train', '_all_models_internal', 'transform_target_param', '_all_metrics', 'log_plots_param', 'y', 'create_model_container', 'transform_target_method_param', 'fold_groups_param_full', 'gpu_param', 'fold_shuffle_param', 'fold_generator', 'X_train', 'X_test', 'display_container', 'target_param', '_internal_pipeline', 'html_param', 'y_test', 'iterative_imputation_iters_param', 'pycaret_globals', 'master_model_container', 'X', 'fold_param', 'data_before_preprocess', '_all_models', 'fold_groups_param', '_gpu_n_jobs_param', 'imputation_classifier'}
2023-08-16 19:13:16,058:INFO:Preparing display monitor
2023-08-16 19:13:16,058:INFO:Preparing display monitor
2023-08-16 19:13:16,072:INFO:Importing libraries
2023-08-16 19:13:16,072:INFO:Copying data for preprocessing
2023-08-16 19:13:16,084:INFO:Declaring preprocessing parameters
2023-08-16 19:13:16,090:INFO:Creating preprocessing pipeline
2023-08-16 19:13:16,101:INFO:Preprocessing pipeline created successfully
2023-08-16 19:13:16,101:ERROR:(Process Exit): setup has been interupted with user command 'quit'. setup must rerun.
2023-08-16 19:13:16,101:INFO:Creating global containers
2023-08-16 19:13:16,102:INFO:Internal pipeline: Pipeline(memory=None, steps=[('empty_step', 'passthrough')], verbose=False)
2023-08-16 19:13:17,039:INFO:Creating grid variables
2023-08-16 19:13:17,049:INFO:create_model_container: 0
2023-08-16 19:13:17,050:INFO:master_model_container: 0
2023-08-16 19:13:17,050:INFO:display_container: 1
2023-08-16 19:16:39,596:INFO:PyCaret Supervised Module
2023-08-16 19:16:39,596:INFO:ML Usecase: regression
2023-08-16 19:16:39,597:INFO:version 2.3.4
2023-08-16 19:16:39,597:INFO:Initializing setup()
2023-08-16 19:16:39,597:INFO:setup(target=MathScore, ml_usecase=regression, available_plots={'parameter': 'Hyperparameters', 'residuals': 'Residuals', 'error': 'Prediction Error', 'cooks': 'Cooks Distance', 'rfe': 'Feature Selection', 'learning': 'Learning Curve', 'manifold': 'Manifold Learning', 'vc': 'Validation Curve', 'feature': 'Feature Importance', 'feature_all': 'Feature Importance (All)', 'tree': 'Decision Tree', 'residuals_interactive': 'Interactive Residuals'}, train_size=0.7, test_data=None, preprocess=True, imputation_type=simple, iterative_imputation_iters=5, categorical_features=None, categorical_imputation=constant, categorical_iterative_imputer=lightgbm, ordinal_features=None, high_cardinality_features=None, high_cardinality_method=frequency, numeric_features=None, numeric_imputation=mean, numeric_iterative_imputer=lightgbm, date_features=None, ignore_features=None, normalize=False, normalize_method=zscore, transformation=False, transformation_method=yeo-johnson, handle_unknown_categorical=True, unknown_categorical_method=least_frequent, pca=False, pca_method=linear, pca_components=None, ignore_low_variance=False, combine_rare_levels=False, rare_level_threshold=0.1, bin_numeric_features=None, remove_outliers=False, outliers_threshold=0.05, remove_multicollinearity=False, multicollinearity_threshold=0.9, remove_perfect_collinearity=True, create_clusters=False, cluster_iter=20, polynomial_features=False, polynomial_degree=2, trigonometry_features=False, polynomial_threshold=0.1, group_features=None, group_names=None, feature_selection=False, feature_selection_threshold=0.8, feature_selection_method=classic, feature_interaction=False, feature_ratio=False, interaction_threshold=0.01, fix_imbalance=False, fix_imbalance_method=None, transform_target=False, transform_target_method=box-cox, data_split_shuffle=True, data_split_stratify=False, fold_strategy=kfold, fold=10, fold_shuffle=False, fold_groups=None, n_jobs=-1, use_gpu=False, custom_pipeline=None, html=True, session_id=43, log_experiment=False, experiment_name=None, log_plots=False, log_profile=False, log_data=False, silent=True, verbose=True, profile=False, profile_kwargs=None, display=None)
2023-08-16 19:16:39,597:INFO:Checking environment
2023-08-16 19:16:39,597:INFO:python_version: 3.7.11
2023-08-16 19:16:39,598:INFO:python_build: ('default', 'Jul 27 2021 07:03:16')
2023-08-16 19:16:39,598:INFO:machine: x86_64
2023-08-16 19:16:39,598:INFO:platform: Darwin-19.6.0-x86_64-i386-64bit
2023-08-16 19:16:39,598:INFO:Memory: svmem(total=17179869184, available=5698056192, percent=66.8, used=8456167424, free=126431232, active=5574107136, inactive=5358104576, wired=2882060288)
2023-08-16 19:16:39,598:INFO:Physical Core: 6
2023-08-16 19:16:39,598:INFO:Logical Core: 12
2023-08-16 19:16:39,598:INFO:Checking libraries
2023-08-16 19:16:39,598:INFO:pd==1.3.5
2023-08-16 19:16:39,598:INFO:numpy==1.21.5
2023-08-16 19:16:39,598:INFO:sklearn==1.0.2
2023-08-16 19:16:39,598:INFO:lightgbm==3.2.1
2023-08-16 19:16:39,598:INFO:catboost==1.0.0
2023-08-16 19:16:39,598:INFO:xgboost==1.4.2
2023-08-16 19:16:39,598:INFO:mlflow==1.20.2
2023-08-16 19:16:39,598:INFO:Checking Exceptions
2023-08-16 19:16:39,598:INFO:Declaring global variables
2023-08-16 19:16:39,599:INFO:USI: a119
2023-08-16 19:16:39,599:INFO:pycaret_globals: {'experiment__', 'prep_pipe', 'stratify_param', '_available_plots', 'USI', 'exp_name_log', 'fix_imbalance_param', 'fix_imbalance_method_param', 'seed', 'n_jobs_param', 'logging_param', 'imputation_regressor', '_ml_usecase', 'y_train', '_all_models_internal', 'transform_target_param', '_all_metrics', 'log_plots_param', 'y', 'create_model_container', 'transform_target_method_param', 'fold_groups_param_full', 'gpu_param', 'fold_shuffle_param', 'fold_generator', 'X_train', 'X_test', 'display_container', 'target_param', '_internal_pipeline', 'html_param', 'y_test', 'iterative_imputation_iters_param', 'pycaret_globals', 'master_model_container', 'X', 'fold_param', 'data_before_preprocess', '_all_models', 'fold_groups_param', '_gpu_n_jobs_param', 'imputation_classifier'}
2023-08-16 19:16:39,599:INFO:Preparing display monitor
2023-08-16 19:16:39,599:INFO:Preparing display monitor
2023-08-16 19:16:39,613:INFO:Importing libraries
2023-08-16 19:16:39,613:INFO:Copying data for preprocessing
2023-08-16 19:16:39,621:INFO:Declaring preprocessing parameters
2023-08-16 19:16:39,626:INFO:Creating preprocessing pipeline
2023-08-16 19:16:39,699:INFO:Preprocessing pipeline created successfully
2023-08-16 19:16:39,699:ERROR:(Process Exit): setup has been interupted with user command 'quit'. setup must rerun.
2023-08-16 19:16:39,700:INFO:Creating global containers
2023-08-16 19:16:39,700:INFO:Internal pipeline: Pipeline(memory=None, steps=[('empty_step', 'passthrough')], verbose=False)
2023-08-16 19:16:41,952:INFO:Creating grid variables
2023-08-16 19:16:41,962:INFO:create_model_container: 0
2023-08-16 19:16:41,962:INFO:master_model_container: 0
2023-08-16 19:16:41,962:INFO:display_container: 1
2023-08-16 19:17:22,825:INFO:PyCaret Supervised Module
2023-08-16 19:17:22,825:INFO:ML Usecase: regression
2023-08-16 19:17:22,825:INFO:version 2.3.4
2023-08-16 19:17:22,825:INFO:Initializing setup()
2023-08-16 19:17:22,825:INFO:setup(target=MathScore, ml_usecase=regression, available_plots={'parameter': 'Hyperparameters', 'residuals': 'Residuals', 'error': 'Prediction Error', 'cooks': 'Cooks Distance', 'rfe': 'Feature Selection', 'learning': 'Learning Curve', 'manifold': 'Manifold Learning', 'vc': 'Validation Curve', 'feature': 'Feature Importance', 'feature_all': 'Feature Importance (All)', 'tree': 'Decision Tree', 'residuals_interactive': 'Interactive Residuals'}, train_size=0.7, test_data=None, preprocess=True, imputation_type=simple, iterative_imputation_iters=5, categorical_features=[], categorical_imputation=constant, categorical_iterative_imputer=lightgbm, ordinal_features=None, high_cardinality_features=None, high_cardinality_method=frequency, numeric_features=['ParentEduc_int', 'TestPrep_int', 'PracticeSport_int', 'WklyStudyHours_int', 'Gender_female', 'Gender_male', 'EthnicGroup_group A', 'EthnicGroup_group B', 'EthnicGroup_group C', 'EthnicGroup_group D', 'EthnicGroup_group E', 'LunchType_free/reduced', 'LunchType_standard', 'ParentMaritalStatus_divorced', 'ParentMaritalStatus_married', 'ParentMaritalStatus_single', 'ParentMaritalStatus_widowed', 'IsFirstChild_no', 'IsFirstChild_yes', 'TransportMeans_private', 'TransportMeans_school_bus'], numeric_imputation=mean, numeric_iterative_imputer=lightgbm, date_features=None, ignore_features=None, normalize=False, normalize_method=zscore, transformation=False, transformation_method=yeo-johnson, handle_unknown_categorical=True, unknown_categorical_method=least_frequent, pca=False, pca_method=linear, pca_components=None, ignore_low_variance=False, combine_rare_levels=False, rare_level_threshold=0.1, bin_numeric_features=None, remove_outliers=False, outliers_threshold=0.05, remove_multicollinearity=False, multicollinearity_threshold=0.9, remove_perfect_collinearity=True, create_clusters=False, cluster_iter=20, polynomial_features=False, polynomial_degree=2, trigonometry_features=False, polynomial_threshold=0.1, group_features=None, group_names=None, feature_selection=False, feature_selection_threshold=0.8, feature_selection_method=classic, feature_interaction=False, feature_ratio=False, interaction_threshold=0.01, fix_imbalance=False, fix_imbalance_method=None, transform_target=False, transform_target_method=box-cox, data_split_shuffle=True, data_split_stratify=False, fold_strategy=kfold, fold=10, fold_shuffle=False, fold_groups=None, n_jobs=-1, use_gpu=False, custom_pipeline=None, html=True, session_id=43, log_experiment=False, experiment_name=None, log_plots=False, log_profile=False, log_data=False, silent=True, verbose=True, profile=False, profile_kwargs=None, display=None)
2023-08-16 19:17:22,825:INFO:Checking environment
2023-08-16 19:17:22,826:INFO:python_version: 3.7.11
2023-08-16 19:17:22,826:INFO:python_build: ('default', 'Jul 27 2021 07:03:16')
2023-08-16 19:17:22,826:INFO:machine: x86_64
2023-08-16 19:17:22,826:INFO:platform: Darwin-19.6.0-x86_64-i386-64bit
2023-08-16 19:17:22,826:INFO:Memory: svmem(total=17179869184, available=5670191104, percent=67.0, used=8482451456, free=61079552, active=5611237376, inactive=5394714624, wired=2871214080)
2023-08-16 19:17:22,826:INFO:Physical Core: 6
2023-08-16 19:17:22,826:INFO:Logical Core: 12
2023-08-16 19:17:22,826:INFO:Checking libraries
2023-08-16 19:17:22,827:INFO:pd==1.3.5
2023-08-16 19:17:22,827:INFO:numpy==1.21.5
2023-08-16 19:17:22,827:INFO:sklearn==1.0.2
2023-08-16 19:17:22,827:INFO:lightgbm==3.2.1
2023-08-16 19:17:22,827:INFO:catboost==1.0.0
2023-08-16 19:17:22,827:INFO:xgboost==1.4.2
2023-08-16 19:17:22,827:INFO:mlflow==1.20.2
2023-08-16 19:17:22,827:INFO:Checking Exceptions
2023-08-16 19:17:22,827:INFO:Declaring global variables
2023-08-16 19:17:22,827:INFO:USI: bfc8
2023-08-16 19:17:22,827:INFO:pycaret_globals: {'experiment__', 'prep_pipe', 'stratify_param', '_available_plots', 'USI', 'exp_name_log', 'fix_imbalance_param', 'fix_imbalance_method_param', 'seed', 'n_jobs_param', 'logging_param', 'imputation_regressor', '_ml_usecase', 'y_train', '_all_models_internal', 'transform_target_param', '_all_metrics', 'log_plots_param', 'y', 'create_model_container', 'transform_target_method_param', 'fold_groups_param_full', 'gpu_param', 'fold_shuffle_param', 'fold_generator', 'X_train', 'X_test', 'display_container', 'target_param', '_internal_pipeline', 'html_param', 'y_test', 'iterative_imputation_iters_param', 'pycaret_globals', 'master_model_container', 'X', 'fold_param', 'data_before_preprocess', '_all_models', 'fold_groups_param', '_gpu_n_jobs_param', 'imputation_classifier'}
2023-08-16 19:17:22,827:INFO:Preparing display monitor
2023-08-16 19:17:22,827:INFO:Preparing display monitor
2023-08-16 19:17:22,840:INFO:Importing libraries
2023-08-16 19:17:22,841:INFO:Copying data for preprocessing
2023-08-16 19:17:22,850:INFO:Declaring preprocessing parameters
2023-08-16 19:17:22,854:INFO:Creating preprocessing pipeline
2023-08-16 19:17:22,863:INFO:Preprocessing pipeline created successfully
2023-08-16 19:17:22,864:ERROR:(Process Exit): setup has been interupted with user command 'quit'. setup must rerun.
2023-08-16 19:17:22,864:INFO:Creating global containers
2023-08-16 19:17:22,864:INFO:Internal pipeline: Pipeline(memory=None, steps=[('empty_step', 'passthrough')], verbose=False)
2023-08-16 19:17:23,762:INFO:Creating grid variables
2023-08-16 19:17:23,775:INFO:create_model_container: 0
2023-08-16 19:17:23,775:INFO:master_model_container: 0
2023-08-16 19:17:23,775:INFO:display_container: 1
2023-08-16 19:18:10,699:INFO:PyCaret Supervised Module
2023-08-16 19:18:10,700:INFO:ML Usecase: regression
2023-08-16 19:18:10,700:INFO:version 2.3.4
2023-08-16 19:18:10,700:INFO:Initializing setup()
2023-08-16 19:18:10,700:INFO:setup(target=MathScore, ml_usecase=regression, available_plots={'parameter': 'Hyperparameters', 'residuals': 'Residuals', 'error': 'Prediction Error', 'cooks': 'Cooks Distance', 'rfe': 'Feature Selection', 'learning': 'Learning Curve', 'manifold': 'Manifold Learning', 'vc': 'Validation Curve', 'feature': 'Feature Importance', 'feature_all': 'Feature Importance (All)', 'tree': 'Decision Tree', 'residuals_interactive': 'Interactive Residuals'}, train_size=0.7, test_data=None, preprocess=True, imputation_type=simple, iterative_imputation_iters=5, categorical_features=[], categorical_imputation=constant, categorical_iterative_imputer=lightgbm, ordinal_features=None, high_cardinality_features=None, high_cardinality_method=frequency, numeric_features=['ParentEduc_int', 'TestPrep_int', 'PracticeSport_int', 'WklyStudyHours_int', 'Gender_female', 'Gender_male', 'EthnicGroup_group A', 'EthnicGroup_group B', 'EthnicGroup_group C', 'EthnicGroup_group D', 'EthnicGroup_group E', 'LunchType_free/reduced', 'LunchType_standard', 'ParentMaritalStatus_divorced', 'ParentMaritalStatus_married', 'ParentMaritalStatus_single', 'ParentMaritalStatus_widowed', 'IsFirstChild_no', 'IsFirstChild_yes', 'TransportMeans_private', 'TransportMeans_school_bus'], numeric_imputation=mean, numeric_iterative_imputer=lightgbm, date_features=None, ignore_features=None, normalize=False, normalize_method=zscore, transformation=False, transformation_method=yeo-johnson, handle_unknown_categorical=True, unknown_categorical_method=least_frequent, pca=False, pca_method=linear, pca_components=None, ignore_low_variance=False, combine_rare_levels=False, rare_level_threshold=0.1, bin_numeric_features=None, remove_outliers=False, outliers_threshold=0.05, remove_multicollinearity=False, multicollinearity_threshold=0.9, remove_perfect_collinearity=True, create_clusters=False, cluster_iter=20, polynomial_features=False, polynomial_degree=2, trigonometry_features=False, polynomial_threshold=0.1, group_features=None, group_names=None, feature_selection=False, feature_selection_threshold=0.8, feature_selection_method=classic, feature_interaction=False, feature_ratio=False, interaction_threshold=0.01, fix_imbalance=False, fix_imbalance_method=None, transform_target=False, transform_target_method=box-cox, data_split_shuffle=True, data_split_stratify=False, fold_strategy=kfold, fold=10, fold_shuffle=False, fold_groups=None, n_jobs=-1, use_gpu=False, custom_pipeline=None, html=True, session_id=43, log_experiment=False, experiment_name=None, log_plots=False, log_profile=False, log_data=False, silent=True, verbose=True, profile=False, profile_kwargs=None, display=None)
2023-08-16 19:18:10,700:INFO:Checking environment
2023-08-16 19:18:10,700:INFO:python_version: 3.7.11
2023-08-16 19:18:10,700:INFO:python_build: ('default', 'Jul 27 2021 07:03:16')
2023-08-16 19:18:10,700:INFO:machine: x86_64
2023-08-16 19:18:10,700:INFO:platform: Darwin-19.6.0-x86_64-i386-64bit
2023-08-16 19:18:10,700:INFO:Memory: svmem(total=17179869184, available=5973311488, percent=65.2, used=8177057792, free=677511168, active=5297815552, inactive=5014253568, wired=2879242240)
2023-08-16 19:18:10,701:INFO:Physical Core: 6
2023-08-16 19:18:10,701:INFO:Logical Core: 12
2023-08-16 19:18:10,701:INFO:Checking libraries
2023-08-16 19:18:10,701:INFO:pd==1.3.5
2023-08-16 19:18:10,701:INFO:numpy==1.21.5
2023-08-16 19:18:10,701:INFO:sklearn==1.0.2
2023-08-16 19:18:10,701:INFO:lightgbm==3.2.1
2023-08-16 19:18:10,779:INFO:catboost==1.0.0
2023-08-16 19:18:10,815:INFO:xgboost==1.4.2
2023-08-16 19:18:11,200:INFO:mlflow==1.20.2
2023-08-16 19:18:11,201:INFO:Checking Exceptions
2023-08-16 19:18:11,201:INFO:Declaring global variables
2023-08-16 19:18:11,201:INFO:USI: ca13
2023-08-16 19:18:11,201:INFO:pycaret_globals: {'transform_target_method_param', 'pycaret_globals', 'fix_imbalance_method_param', 'y_test', 'fix_imbalance_param', 'data_before_preprocess', 'imputation_classifier', '_available_plots', 'X_train', 'stratify_param', 'target_param', 'log_plots_param', 'prep_pipe', 'experiment__', '_internal_pipeline', '_all_models_internal', 'USI', 'exp_name_log', '_ml_usecase', 'logging_param', 'y_train', 'fold_groups_param', 'X_test', 'master_model_container', 'X', 'seed', '_all_metrics', 'fold_param', 'create_model_container', 'display_container', '_gpu_n_jobs_param', 'gpu_param', 'fold_shuffle_param', 'n_jobs_param', 'transform_target_param', 'fold_generator', 'imputation_regressor', 'fold_groups_param_full', 'y', 'iterative_imputation_iters_param', 'html_param', '_all_models'}
2023-08-16 19:18:11,201:INFO:Preparing display monitor
2023-08-16 19:18:11,201:INFO:Preparing display monitor
2023-08-16 19:18:11,214:INFO:Importing libraries
2023-08-16 19:18:11,214:INFO:Copying data for preprocessing
2023-08-16 19:18:11,225:INFO:Declaring preprocessing parameters
2023-08-16 19:18:11,233:INFO:Creating preprocessing pipeline
2023-08-16 19:18:11,239:INFO:Preprocessing pipeline created successfully
2023-08-16 19:18:11,239:ERROR:(Process Exit): setup has been interupted with user command 'quit'. setup must rerun.
2023-08-16 19:18:11,239:INFO:Creating global containers
2023-08-16 19:18:11,241:INFO:Internal pipeline: Pipeline(memory=None, steps=[('empty_step', 'passthrough')], verbose=False)
2023-08-16 19:18:12,130:INFO:Creating grid variables
2023-08-16 19:18:12,142:INFO:create_model_container: 0
2023-08-16 19:18:12,142:INFO:master_model_container: 0
2023-08-16 19:18:12,142:INFO:display_container: 1
2023-08-16 19:18:53,449:INFO:PyCaret Supervised Module
2023-08-16 19:18:53,450:INFO:ML Usecase: regression
2023-08-16 19:18:53,450:INFO:version 2.3.4
2023-08-16 19:18:53,450:INFO:Initializing setup()
2023-08-16 19:18:53,451:INFO:setup(target=MathScore, ml_usecase=regression, available_plots={'parameter': 'Hyperparameters', 'residuals': 'Residuals', 'error': 'Prediction Error', 'cooks': 'Cooks Distance', 'rfe': 'Feature Selection', 'learning': 'Learning Curve', 'manifold': 'Manifold Learning', 'vc': 'Validation Curve', 'feature': 'Feature Importance', 'feature_all': 'Feature Importance (All)', 'tree': 'Decision Tree', 'residuals_interactive': 'Interactive Residuals'}, train_size=0.7, test_data=None, preprocess=True, imputation_type=simple, iterative_imputation_iters=5, categorical_features=None, categorical_imputation=constant, categorical_iterative_imputer=lightgbm, ordinal_features=None, high_cardinality_features=None, high_cardinality_method=frequency, numeric_features=None, numeric_imputation=mean, numeric_iterative_imputer=lightgbm, date_features=None, ignore_features=None, normalize=False, normalize_method=zscore, transformation=False, transformation_method=yeo-johnson, handle_unknown_categorical=True, unknown_categorical_method=least_frequent, pca=False, pca_method=linear, pca_components=None, ignore_low_variance=False, combine_rare_levels=False, rare_level_threshold=0.1, bin_numeric_features=None, remove_outliers=False, outliers_threshold=0.05, remove_multicollinearity=False, multicollinearity_threshold=0.9, remove_perfect_collinearity=True, create_clusters=False, cluster_iter=20, polynomial_features=False, polynomial_degree=2, trigonometry_features=False, polynomial_threshold=0.1, group_features=None, group_names=None, feature_selection=False, feature_selection_threshold=0.8, feature_selection_method=classic, feature_interaction=False, feature_ratio=False, interaction_threshold=0.01, fix_imbalance=False, fix_imbalance_method=None, transform_target=False, transform_target_method=box-cox, data_split_shuffle=True, data_split_stratify=False, fold_strategy=kfold, fold=10, fold_shuffle=False, fold_groups=None, n_jobs=-1, use_gpu=False, custom_pipeline=None, html=True, session_id=43, log_experiment=False, experiment_name=None, log_plots=False, log_profile=False, log_data=False, silent=True, verbose=True, profile=False, profile_kwargs=None, display=None)
2023-08-16 19:18:53,451:INFO:Checking environment
2023-08-16 19:18:53,451:INFO:python_version: 3.7.11
2023-08-16 19:18:53,451:INFO:python_build: ('default', 'Jul 27 2021 07:03:16')
2023-08-16 19:18:53,451:INFO:machine: x86_64
2023-08-16 19:18:53,451:INFO:platform: Darwin-19.6.0-x86_64-i386-64bit
2023-08-16 19:18:53,451:INFO:Memory: svmem(total=17179869184, available=5924716544, percent=65.5, used=8227332096, free=579584000, active=5349822464, inactive=5050515456, wired=2877509632)
2023-08-16 19:18:53,451:INFO:Physical Core: 6
2023-08-16 19:18:53,451:INFO:Logical Core: 12
2023-08-16 19:18:53,451:INFO:Checking libraries
2023-08-16 19:18:53,451:INFO:pd==1.3.5
2023-08-16 19:18:53,451:INFO:numpy==1.21.5
2023-08-16 19:18:53,451:INFO:sklearn==1.0.2
2023-08-16 19:18:53,451:INFO:lightgbm==3.2.1
2023-08-16 19:18:53,451:INFO:catboost==1.0.0
2023-08-16 19:18:53,452:INFO:xgboost==1.4.2
2023-08-16 19:18:53,452:INFO:mlflow==1.20.2
2023-08-16 19:18:53,452:INFO:Checking Exceptions
2023-08-16 19:18:53,452:INFO:Declaring global variables
2023-08-16 19:18:53,452:INFO:USI: ff43
2023-08-16 19:18:53,452:INFO:pycaret_globals: {'transform_target_method_param', 'pycaret_globals', 'fix_imbalance_method_param', 'y_test', 'fix_imbalance_param', 'data_before_preprocess', 'imputation_classifier', '_available_plots', 'X_train', 'stratify_param', 'target_param', 'log_plots_param', 'prep_pipe', 'experiment__', '_internal_pipeline', '_all_models_internal', 'USI', 'exp_name_log', '_ml_usecase', 'logging_param', 'y_train', 'fold_groups_param', 'X_test', 'master_model_container', 'X', 'seed', '_all_metrics', 'fold_param', 'create_model_container', 'display_container', '_gpu_n_jobs_param', 'gpu_param', 'fold_shuffle_param', 'n_jobs_param', 'transform_target_param', 'fold_generator', 'imputation_regressor', 'fold_groups_param_full', 'y', 'iterative_imputation_iters_param', 'html_param', '_all_models'}
2023-08-16 19:18:53,452:INFO:Preparing display monitor
2023-08-16 19:18:53,452:INFO:Preparing display monitor
2023-08-16 19:18:53,466:INFO:Importing libraries
2023-08-16 19:18:53,466:INFO:Copying data for preprocessing
2023-08-16 19:18:53,478:INFO:Declaring preprocessing parameters
2023-08-16 19:18:53,482:INFO:Creating preprocessing pipeline
2023-08-16 19:18:53,553:INFO:Preprocessing pipeline created successfully
2023-08-16 19:18:53,553:ERROR:(Process Exit): setup has been interupted with user command 'quit'. setup must rerun.
2023-08-16 19:18:53,553:INFO:Creating global containers
2023-08-16 19:18:53,553:INFO:Internal pipeline: Pipeline(memory=None, steps=[('empty_step', 'passthrough')], verbose=False)
2023-08-16 19:18:55,759:INFO:Creating grid variables
2023-08-16 19:18:55,769:INFO:create_model_container: 0
2023-08-16 19:18:55,769:INFO:master_model_container: 0
2023-08-16 19:18:55,769:INFO:display_container: 1
2023-08-16 19:20:54,853:INFO:PyCaret Supervised Module
2023-08-16 19:20:54,853:INFO:ML Usecase: regression
2023-08-16 19:20:54,853:INFO:version 2.3.4
2023-08-16 19:20:54,853:INFO:Initializing setup()
2023-08-16 19:20:54,854:INFO:setup(target=MathScore, ml_usecase=regression, available_plots={'parameter': 'Hyperparameters', 'residuals': 'Residuals', 'error': 'Prediction Error', 'cooks': 'Cooks Distance', 'rfe': 'Feature Selection', 'learning': 'Learning Curve', 'manifold': 'Manifold Learning', 'vc': 'Validation Curve', 'feature': 'Feature Importance', 'feature_all': 'Feature Importance (All)', 'tree': 'Decision Tree', 'residuals_interactive': 'Interactive Residuals'}, train_size=0.7, test_data=None, preprocess=True, imputation_type=simple, iterative_imputation_iters=5, categorical_features=None, categorical_imputation=constant, categorical_iterative_imputer=lightgbm, ordinal_features=None, high_cardinality_features=None, high_cardinality_method=frequency, numeric_features=['ParentEduc_int', 'TestPrep_int', 'PracticeSport_int', 'WklyStudyHours_int', 'Gender_female', 'Gender_male', 'EthnicGroup_group A', 'EthnicGroup_group B', 'EthnicGroup_group C', 'EthnicGroup_group D', 'EthnicGroup_group E', 'LunchType_free/reduced', 'LunchType_standard', 'ParentMaritalStatus_divorced', 'ParentMaritalStatus_married', 'ParentMaritalStatus_single', 'ParentMaritalStatus_widowed', 'IsFirstChild_no', 'IsFirstChild_yes', 'TransportMeans_private', 'TransportMeans_school_bus'], numeric_imputation=mean, numeric_iterative_imputer=lightgbm, date_features=None, ignore_features=None, normalize=False, normalize_method=zscore, transformation=False, transformation_method=yeo-johnson, handle_unknown_categorical=True, unknown_categorical_method=least_frequent, pca=False, pca_method=linear, pca_components=None, ignore_low_variance=False, combine_rare_levels=False, rare_level_threshold=0.1, bin_numeric_features=None, remove_outliers=False, outliers_threshold=0.05, remove_multicollinearity=False, multicollinearity_threshold=0.9, remove_perfect_collinearity=True, create_clusters=False, cluster_iter=20, polynomial_features=False, polynomial_degree=2, trigonometry_features=False, polynomial_threshold=0.1, group_features=None, group_names=None, feature_selection=False, feature_selection_threshold=0.8, feature_selection_method=classic, feature_interaction=False, feature_ratio=False, interaction_threshold=0.01, fix_imbalance=False, fix_imbalance_method=None, transform_target=False, transform_target_method=box-cox, data_split_shuffle=True, data_split_stratify=False, fold_strategy=kfold, fold=10, fold_shuffle=False, fold_groups=None, n_jobs=-1, use_gpu=False, custom_pipeline=None, html=True, session_id=43, log_experiment=False, experiment_name=None, log_plots=False, log_profile=False, log_data=False, silent=True, verbose=True, profile=False, profile_kwargs=None, display=None)
2023-08-16 19:20:54,854:INFO:Checking environment
2023-08-16 19:20:54,854:INFO:python_version: 3.7.11
2023-08-16 19:20:54,854:INFO:python_build: ('default', 'Jul 27 2021 07:03:16')
2023-08-16 19:20:54,854:INFO:machine: x86_64
2023-08-16 19:20:54,854:INFO:platform: Darwin-19.6.0-x86_64-i386-64bit
2023-08-16 19:20:54,854:INFO:Memory: svmem(total=17179869184, available=5810626560, percent=66.2, used=8339779584, free=332611584, active=5459529728, inactive=5070946304, wired=2880249856)
2023-08-16 19:20:54,855:INFO:Physical Core: 6
2023-08-16 19:20:54,855:INFO:Logical Core: 12
2023-08-16 19:20:54,855:INFO:Checking libraries
2023-08-16 19:20:54,855:INFO:pd==1.3.5
2023-08-16 19:20:54,855:INFO:numpy==1.21.5
2023-08-16 19:20:54,855:INFO:sklearn==1.0.2
2023-08-16 19:20:54,855:INFO:lightgbm==3.2.1
2023-08-16 19:20:54,855:INFO:catboost==1.0.0
2023-08-16 19:20:54,855:INFO:xgboost==1.4.2
2023-08-16 19:20:54,855:INFO:mlflow==1.20.2
2023-08-16 19:20:54,855:INFO:Checking Exceptions
2023-08-16 19:20:54,855:INFO:Declaring global variables
2023-08-16 19:20:54,855:INFO:USI: 7e74
2023-08-16 19:20:54,856:INFO:pycaret_globals: {'transform_target_method_param', 'pycaret_globals', 'fix_imbalance_method_param', 'y_test', 'fix_imbalance_param', 'data_before_preprocess', 'imputation_classifier', '_available_plots', 'X_train', 'stratify_param', 'target_param', 'log_plots_param', 'prep_pipe', 'experiment__', '_internal_pipeline', '_all_models_internal', 'USI', 'exp_name_log', '_ml_usecase', 'logging_param', 'y_train', 'fold_groups_param', 'X_test', 'master_model_container', 'X', 'seed', '_all_metrics', 'fold_param', 'create_model_container', 'display_container', '_gpu_n_jobs_param', 'gpu_param', 'fold_shuffle_param', 'n_jobs_param', 'transform_target_param', 'fold_generator', 'imputation_regressor', 'fold_groups_param_full', 'y', 'iterative_imputation_iters_param', 'html_param', '_all_models'}
2023-08-16 19:20:54,856:INFO:Preparing display monitor
2023-08-16 19:20:54,856:INFO:Preparing display monitor
2023-08-16 19:20:54,869:INFO:Importing libraries
2023-08-16 19:20:54,869:INFO:Copying data for preprocessing
2023-08-16 19:20:54,881:INFO:Declaring preprocessing parameters
2023-08-16 19:20:54,885:INFO:Creating preprocessing pipeline
2023-08-16 19:20:54,891:INFO:Preprocessing pipeline created successfully
2023-08-16 19:20:54,892:ERROR:(Process Exit): setup has been interupted with user command 'quit'. setup must rerun.
2023-08-16 19:20:54,892:INFO:Creating global containers
2023-08-16 19:20:54,892:INFO:Internal pipeline: Pipeline(memory=None, steps=[('empty_step', 'passthrough')], verbose=False)
2023-08-16 19:20:55,817:INFO:Creating grid variables
2023-08-16 19:20:55,827:INFO:create_model_container: 0
2023-08-16 19:20:55,827:INFO:master_model_container: 0
2023-08-16 19:20:55,827:INFO:display_container: 1
2023-08-16 19:22:39,994:INFO:PyCaret Supervised Module
2023-08-16 19:22:39,995:INFO:ML Usecase: regression
2023-08-16 19:22:39,995:INFO:version 2.3.4
2023-08-16 19:22:39,996:INFO:Initializing setup()
2023-08-16 19:22:39,996:INFO:setup(target=MathScore, ml_usecase=regression, available_plots={'parameter': 'Hyperparameters', 'residuals': 'Residuals', 'error': 'Prediction Error', 'cooks': 'Cooks Distance', 'rfe': 'Feature Selection', 'learning': 'Learning Curve', 'manifold': 'Manifold Learning', 'vc': 'Validation Curve', 'feature': 'Feature Importance', 'feature_all': 'Feature Importance (All)', 'tree': 'Decision Tree', 'residuals_interactive': 'Interactive Residuals'}, train_size=0.7, test_data=None, preprocess=True, imputation_type=mean, iterative_imputation_iters=5, categorical_features=None, categorical_imputation=constant, categorical_iterative_imputer=lightgbm, ordinal_features=None, high_cardinality_features=None, high_cardinality_method=frequency, numeric_features=['ParentEduc_int', 'TestPrep_int', 'PracticeSport_int', 'WklyStudyHours_int', 'Gender_female', 'Gender_male', 'EthnicGroup_group A', 'EthnicGroup_group B', 'EthnicGroup_group C', 'EthnicGroup_group D', 'EthnicGroup_group E', 'LunchType_free/reduced', 'LunchType_standard', 'ParentMaritalStatus_divorced', 'ParentMaritalStatus_married', 'ParentMaritalStatus_single', 'ParentMaritalStatus_widowed', 'IsFirstChild_no', 'IsFirstChild_yes', 'TransportMeans_private', 'TransportMeans_school_bus'], numeric_imputation=mean, numeric_iterative_imputer=lightgbm, date_features=None, ignore_features=None, normalize=False, normalize_method=zscore, transformation=False, transformation_method=yeo-johnson, handle_unknown_categorical=True, unknown_categorical_method=least_frequent, pca=False, pca_method=linear, pca_components=None, ignore_low_variance=False, combine_rare_levels=False, rare_level_threshold=0.1, bin_numeric_features=None, remove_outliers=False, outliers_threshold=0.05, remove_multicollinearity=False, multicollinearity_threshold=0.9, remove_perfect_collinearity=True, create_clusters=False, cluster_iter=20, polynomial_features=False, polynomial_degree=2, trigonometry_features=False, polynomial_threshold=0.1, group_features=None, group_names=None, feature_selection=False, feature_selection_threshold=0.8, feature_selection_method=classic, feature_interaction=False, feature_ratio=False, interaction_threshold=0.01, fix_imbalance=False, fix_imbalance_method=None, transform_target=False, transform_target_method=box-cox, data_split_shuffle=True, data_split_stratify=False, fold_strategy=kfold, fold=10, fold_shuffle=False, fold_groups=None, n_jobs=-1, use_gpu=False, custom_pipeline=None, html=True, session_id=43, log_experiment=False, experiment_name=None, log_plots=False, log_profile=False, log_data=False, silent=True, verbose=True, profile=False, profile_kwargs=None, display=None)
2023-08-16 19:22:39,996:INFO:Checking environment
2023-08-16 19:22:39,996:INFO:python_version: 3.7.11
2023-08-16 19:22:39,996:INFO:python_build: ('default', 'Jul 27 2021 07:03:16')
2023-08-16 19:22:39,996:INFO:machine: x86_64
2023-08-16 19:22:39,996:INFO:platform: Darwin-19.6.0-x86_64-i386-64bit
2023-08-16 19:22:39,996:INFO:Memory: svmem(total=17179869184, available=5800902656, percent=66.2, used=8353574912, free=302362624, active=5475205120, inactive=5086900224, wired=2878369792)
2023-08-16 19:22:39,996:INFO:Physical Core: 6
2023-08-16 19:22:39,997:INFO:Logical Core: 12
2023-08-16 19:22:39,997:INFO:Checking libraries
2023-08-16 19:22:39,997:INFO:pd==1.3.5
2023-08-16 19:22:39,997:INFO:numpy==1.21.5
2023-08-16 19:22:39,997:INFO:sklearn==1.0.2
2023-08-16 19:22:39,997:INFO:lightgbm==3.2.1
2023-08-16 19:22:39,997:INFO:catboost==1.0.0
2023-08-16 19:22:39,997:INFO:xgboost==1.4.2
2023-08-16 19:22:39,997:INFO:mlflow==1.20.2
2023-08-16 19:22:39,997:INFO:Checking Exceptions
